Determining if the pthread_create exist failed with the following output:
Change Dir: /home/student/Desktop/UR_test_ws/build/CMakeFiles/CMakeTmp

Run Build Command:"/usr/bin/make" "cmTC_b6072/fast"
/usr/bin/make -f CMakeFiles/cmTC_b6072.dir/build.make CMakeFiles/cmTC_b6072.dir/build
make[1]: Entering directory '/home/student/Desktop/UR_test_ws/build/CMakeFiles/CMakeTmp'
Building C object CMakeFiles/cmTC_b6072.dir/CheckSymbolExists.c.o
/usr/bin/cc    -o CMakeFiles/cmTC_b6072.dir/CheckSymbolExists.c.o   -c /home/student/Desktop/UR_test_ws/build/CMakeFiles/CMakeTmp/CheckSymbolExists.c
Linking C executable cmTC_b6072
/usr/bin/cmake -E cmake_link_script CMakeFiles/cmTC_b6072.dir/link.txt --verbose=1
/usr/bin/cc      -rdynamic CMakeFiles/cmTC_b6072.dir/CheckSymbolExists.c.o  -o cmTC_b6072 
CMakeFiles/cmTC_b6072.dir/CheckSymbolExists.c.o: In function `main':
CheckSymbolExists.c:(.text+0x1b): undefined reference to `pthread_create'
collect2: error: ld returned 1 exit status
CMakeFiles/cmTC_b6072.dir/build.make:97: recipe for target 'cmTC_b6072' failed
make[1]: *** [cmTC_b6072] Error 1
make[1]: Leaving directory '/home/student/Desktop/UR_test_ws/build/CMakeFiles/CMakeTmp'
Makefile:126: recipe for target 'cmTC_b6072/fast' failed
make: *** [cmTC_b6072/fast] Error 2

File /home/student/Desktop/UR_test_ws/build/CMakeFiles/CMakeTmp/CheckSymbolExists.c:
/* */
#include <pthread.h>

int main(int argc, char** argv)
{
  (void)argv;
#ifndef pthread_create
  return ((int*)(&pthread_create))[argc];
#else
  (void)argc;
  return 0;
#endif
}

Determining if the function pthread_create exists in the pthreads failed with the following output:
Change Dir: /home/student/Desktop/UR_test_ws/build/CMakeFiles/CMakeTmp

Run Build Command:"/usr/bin/make" "cmTC_c24c3/fast"
/usr/bin/make -f CMakeFiles/cmTC_c24c3.dir/build.make CMakeFiles/cmTC_c24c3.dir/build
make[1]: Entering directory '/home/student/Desktop/UR_test_ws/build/CMakeFiles/CMakeTmp'
Building C object CMakeFiles/cmTC_c24c3.dir/CheckFunctionExists.c.o
/usr/bin/cc   -DCHECK_FUNCTION_EXISTS=pthread_create   -o CMakeFiles/cmTC_c24c3.dir/CheckFunctionExists.c.o   -c /usr/share/cmake-3.10/Modules/CheckFunctionExists.c
Linking C executable cmTC_c24c3
/usr/bin/cmake -E cmake_link_script CMakeFiles/cmTC_c24c3.dir/link.txt --verbose=1
/usr/bin/cc  -DCHECK_FUNCTION_EXISTS=pthread_create    -rdynamic CMakeFiles/cmTC_c24c3.dir/CheckFunctionExists.c.o  -o cmTC_c24c3 -lpthreads 
/usr/bin/ld: cannot find -lpthreads
collect2: error: ld returned 1 exit status
CMakeFiles/cmTC_c24c3.dir/build.make:97: recipe for target 'cmTC_c24c3' failed
make[1]: *** [cmTC_c24c3] Error 1
make[1]: Leaving directory '/home/student/Desktop/UR_test_ws/build/CMakeFiles/CMakeTmp'
Makefile:126: recipe for target 'cmTC_c24c3/fast' failed
make: *** [cmTC_c24c3/fast] Error 2


